0 info it worked if it ends with ok
1 verbose cli [ '/usr/local/bin/node',
1 verbose cli   '/usr/local/bin/npm',
1 verbose cli   'install',
1 verbose cli   'rpi-433',
1 verbose cli   '--save' ]
2 info using npm@3.7.3
3 info using node@v5.9.0
4 silly loadCurrentTree Starting
5 silly install loadCurrentTree
6 silly install readLocalPackageData
7 silly fetchPackageMetaData rpi-433
8 silly fetchNamedPackageData rpi-433
9 silly mapToRegistry name rpi-433
10 silly mapToRegistry using default registry
11 silly mapToRegistry registry https://registry.npmjs.org/
12 silly mapToRegistry uri https://registry.npmjs.org/rpi-433
13 verbose request uri https://registry.npmjs.org/rpi-433
14 verbose request no auth needed
15 info attempt registry request try #1 at 23:52:35
16 verbose request id 586b1f0bc18e5f19
17 verbose etag "4L0QJ7OD6X8F96SSRKROL3FFA"
18 http request GET https://registry.npmjs.org/rpi-433
19 http 304 https://registry.npmjs.org/rpi-433
20 verbose headers { date: 'Wed, 14 Sep 2016 21:53:36 GMT',
20 verbose headers   via: '1.1 varnish',
20 verbose headers   'cache-control': 'max-age=300',
20 verbose headers   etag: '"4L0QJ7OD6X8F96SSRKROL3FFA"',
20 verbose headers   age: '0',
20 verbose headers   connection: 'keep-alive',
20 verbose headers   'x-served-by': 'cache-lhr6331-LHR',
20 verbose headers   'x-cache': 'MISS',
20 verbose headers   'x-cache-hits': '0',
20 verbose headers   'x-timer': 'S1473890016.397971,VS0,VE681',
20 verbose headers   vary: 'Accept-Encoding' }
21 silly get cb [ 304,
21 silly get   { date: 'Wed, 14 Sep 2016 21:53:36 GMT',
21 silly get     via: '1.1 varnish',
21 silly get     'cache-control': 'max-age=300',
21 silly get     etag: '"4L0QJ7OD6X8F96SSRKROL3FFA"',
21 silly get     age: '0',
21 silly get     connection: 'keep-alive',
21 silly get     'x-served-by': 'cache-lhr6331-LHR',
21 silly get     'x-cache': 'MISS',
21 silly get     'x-cache-hits': '0',
21 silly get     'x-timer': 'S1473890016.397971,VS0,VE681',
21 silly get     vary: 'Accept-Encoding' } ]
22 verbose etag https://registry.npmjs.org/rpi-433 from cache
23 verbose get saving rpi-433 to /home/gaeldupont44/.npm/registry.npmjs.org/rpi-433/.cache.json
24 verbose correctMkdir /home/gaeldupont44/.npm correctMkdir not in flight; initializing
25 silly install normalizeTree
26 silly loadCurrentTree Finishing
27 silly loadIdealTree Starting
28 silly install loadIdealTree
29 silly cloneCurrentTree Starting
30 silly install cloneCurrentTreeToIdealTree
31 silly cloneCurrentTree Finishing
32 silly loadShrinkwrap Starting
33 silly install loadShrinkwrap
34 silly loadShrinkwrap Finishing
35 silly loadAllDepsIntoIdealTree Starting
36 silly install loadAllDepsIntoIdealTree
37 silly resolveWithNewModule rpi-433@2.1.0 checking installable status
38 silly cache add args [ 'rpi-433', null ]
39 verbose cache add spec rpi-433
40 silly cache add parsed spec Result {
40 silly cache add   raw: 'rpi-433',
40 silly cache add   scope: null,
40 silly cache add   name: 'rpi-433',
40 silly cache add   rawSpec: '',
40 silly cache add   spec: 'latest',
40 silly cache add   type: 'tag' }
41 silly addNamed rpi-433@latest
42 verbose addNamed "latest" is being treated as a dist-tag for rpi-433
43 info addNameTag [ 'rpi-433', 'latest' ]
44 silly mapToRegistry name rpi-433
45 silly mapToRegistry using default registry
46 silly mapToRegistry registry https://registry.npmjs.org/
47 silly mapToRegistry uri https://registry.npmjs.org/rpi-433
48 verbose addNameTag registry:https://registry.npmjs.org/rpi-433 not in flight; fetching
49 verbose get https://registry.npmjs.org/rpi-433 not expired, no request
50 silly addNameTag next cb for rpi-433 with tag latest
51 silly addNamed rpi-433@2.1.0
52 verbose addNamed "2.1.0" is a plain semver version for rpi-433
53 silly cache afterAdd rpi-433@2.1.0
54 verbose afterAdd /home/gaeldupont44/.npm/rpi-433/2.1.0/package/package.json not in flight; writing
55 verbose correctMkdir /home/gaeldupont44/.npm correctMkdir not in flight; initializing
56 verbose afterAdd /home/gaeldupont44/.npm/rpi-433/2.1.0/package/package.json written
57 silly fetchNamedPackageData q
58 silly mapToRegistry name q
59 silly mapToRegistry using default registry
60 silly mapToRegistry registry https://registry.npmjs.org/
61 silly mapToRegistry uri https://registry.npmjs.org/q
62 silly fetchNamedPackageData underscore
63 silly mapToRegistry name underscore
64 silly mapToRegistry using default registry
65 silly mapToRegistry registry https://registry.npmjs.org/
66 silly mapToRegistry uri https://registry.npmjs.org/underscore
67 verbose request uri https://registry.npmjs.org/q
68 verbose request no auth needed
69 info attempt registry request try #1 at 23:52:36
70 verbose etag "DGXNN6CYEHK4H59TUSC3D6FHP"
71 http request GET https://registry.npmjs.org/q
72 verbose request uri https://registry.npmjs.org/underscore
73 verbose request no auth needed
74 info attempt registry request try #1 at 23:52:36
75 verbose etag "EJCWT9XDB64ANL4LY1Y5UWY53"
76 http request GET https://registry.npmjs.org/underscore
77 http 304 https://registry.npmjs.org/q
78 verbose headers { date: 'Wed, 14 Sep 2016 21:53:37 GMT',
78 verbose headers   via: '1.1 varnish',
78 verbose headers   'cache-control': 'max-age=300',
78 verbose headers   etag: '"DGXNN6CYEHK4H59TUSC3D6FHP"',
78 verbose headers   age: '164',
78 verbose headers   connection: 'keep-alive',
78 verbose headers   'x-served-by': 'cache-lhr6326-LHR',
78 verbose headers   'x-cache': 'HIT',
78 verbose headers   'x-cache-hits': '1',
78 verbose headers   'x-timer': 'S1473890017.528741,VS0,VE0',
78 verbose headers   vary: 'Accept-Encoding' }
79 silly get cb [ 304,
79 silly get   { date: 'Wed, 14 Sep 2016 21:53:37 GMT',
79 silly get     via: '1.1 varnish',
79 silly get     'cache-control': 'max-age=300',
79 silly get     etag: '"DGXNN6CYEHK4H59TUSC3D6FHP"',
79 silly get     age: '164',
79 silly get     connection: 'keep-alive',
79 silly get     'x-served-by': 'cache-lhr6326-LHR',
79 silly get     'x-cache': 'HIT',
79 silly get     'x-cache-hits': '1',
79 silly get     'x-timer': 'S1473890017.528741,VS0,VE0',
79 silly get     vary: 'Accept-Encoding' } ]
80 verbose etag https://registry.npmjs.org/q from cache
81 verbose get saving q to /home/gaeldupont44/.npm/registry.npmjs.org/q/.cache.json
82 verbose correctMkdir /home/gaeldupont44/.npm correctMkdir not in flight; initializing
83 http 304 https://registry.npmjs.org/underscore
84 verbose headers { date: 'Wed, 14 Sep 2016 21:53:37 GMT',
84 verbose headers   via: '1.1 varnish',
84 verbose headers   'cache-control': 'max-age=300',
84 verbose headers   etag: '"EJCWT9XDB64ANL4LY1Y5UWY53"',
84 verbose headers   age: '84',
84 verbose headers   connection: 'keep-alive',
84 verbose headers   'x-served-by': 'cache-lhr6324-LHR',
84 verbose headers   'x-cache': 'HIT',
84 verbose headers   'x-cache-hits': '1',
84 verbose headers   'x-timer': 'S1473890017.553236,VS0,VE0',
84 verbose headers   vary: 'Accept-Encoding' }
85 silly get cb [ 304,
85 silly get   { date: 'Wed, 14 Sep 2016 21:53:37 GMT',
85 silly get     via: '1.1 varnish',
85 silly get     'cache-control': 'max-age=300',
85 silly get     etag: '"EJCWT9XDB64ANL4LY1Y5UWY53"',
85 silly get     age: '84',
85 silly get     connection: 'keep-alive',
85 silly get     'x-served-by': 'cache-lhr6324-LHR',
85 silly get     'x-cache': 'HIT',
85 silly get     'x-cache-hits': '1',
85 silly get     'x-timer': 'S1473890017.553236,VS0,VE0',
85 silly get     vary: 'Accept-Encoding' } ]
86 verbose etag https://registry.npmjs.org/underscore from cache
87 verbose get saving underscore to /home/gaeldupont44/.npm/registry.npmjs.org/underscore/.cache.json
88 verbose correctMkdir /home/gaeldupont44/.npm correctMkdir not in flight; initializing
89 silly resolveWithNewModule q@1.4.1 checking installable status
90 silly cache add args [ 'q@^1.4.1', null ]
91 verbose cache add spec q@^1.4.1
92 silly cache add parsed spec Result {
92 silly cache add   raw: 'q@^1.4.1',
92 silly cache add   scope: null,
92 silly cache add   name: 'q',
92 silly cache add   rawSpec: '^1.4.1',
92 silly cache add   spec: '>=1.4.1 <2.0.0',
92 silly cache add   type: 'range' }
93 silly addNamed q@>=1.4.1 <2.0.0
94 verbose addNamed ">=1.4.1 <2.0.0" is a valid semver range for q
95 silly addNameRange { name: 'q', range: '>=1.4.1 <2.0.0', hasData: false }
96 silly mapToRegistry name q
97 silly mapToRegistry using default registry
98 silly mapToRegistry registry https://registry.npmjs.org/
99 silly mapToRegistry uri https://registry.npmjs.org/q
100 verbose addNameRange registry:https://registry.npmjs.org/q not in flight; fetching
101 verbose get https://registry.npmjs.org/q not expired, no request
102 silly addNameRange number 2 { name: 'q', range: '>=1.4.1 <2.0.0', hasData: true }
103 silly addNameRange versions [ 'q',
103 silly addNameRange   [ '0.0.0',
103 silly addNameRange     '0.0.1',
103 silly addNameRange     '0.0.2',
103 silly addNameRange     '0.0.3',
103 silly addNameRange     '0.1.0',
103 silly addNameRange     '0.1.1',
103 silly addNameRange     '0.1.2',
103 silly addNameRange     '0.1.3',
103 silly addNameRange     '0.1.4',
103 silly addNameRange     '0.1.5',
103 silly addNameRange     '0.1.6',
103 silly addNameRange     '0.1.7',
103 silly addNameRange     '0.1.8',
103 silly addNameRange     '0.1.9',
103 silly addNameRange     '0.2.0-rc1',
103 silly addNameRange     '0.2.0',
103 silly addNameRange     '0.2.1',
103 silly addNameRange     '0.2.2',
103 silly addNameRange     '0.2.3',
103 silly addNameRange     '0.2.4',
103 silly addNameRange     '0.2.5',
103 silly addNameRange     '0.2.6',
103 silly addNameRange     '0.2.7',
103 silly addNameRange     '0.2.8',
103 silly addNameRange     '0.2.9',
103 silly addNameRange     '0.3.0',
103 silly addNameRange     '0.2.10',
103 silly addNameRange     '0.4.0',
103 silly addNameRange     '0.4.1',
103 silly addNameRange     '0.4.2',
103 silly addNameRange     '0.4.4',
103 silly addNameRange     '0.5.0',
103 silly addNameRange     '0.5.1',
103 silly addNameRange     '0.5.2',
103 silly addNameRange     '0.5.3',
103 silly addNameRange     '0.6.0',
103 silly addNameRange     '0.7.0',
103 silly addNameRange     '0.7.1',
103 silly addNameRange     '0.7.2',
103 silly addNameRange     '0.8.0',
103 silly addNameRange     '0.8.1',
103 silly addNameRange     '0.8.2',
103 silly addNameRange     '0.8.3',
103 silly addNameRange     '0.8.4',
103 silly addNameRange     '0.8.5',
103 silly addNameRange     '0.8.6',
103 silly addNameRange     '0.8.7',
103 silly addNameRange     '0.8.8',
103 silly addNameRange     '0.8.9',
103 silly addNameRange     '0.8.10',
103 silly addNameRange     '0.8.11',
103 silly addNameRange     '0.8.12',
103 silly addNameRange     '0.9.0',
103 silly addNameRange     '0.9.1',
103 silly addNameRange     '0.9.2',
103 silly addNameRange     '0.9.3',
103 silly addNameRange     '0.9.4',
103 silly addNameRange     '0.9.5',
103 silly addNameRange     '0.9.6',
103 silly addNameRange     '0.9.7',
103 silly addNameRange     '1.0.0',
103 silly addNameRange     '1.0.1',
103 silly addNameRange     '2.0.0',
103 silly addNameRange     '2.0.1',
103 silly addNameRange     '2.0.2',
103 silly addNameRange     '1.1.0',
103 silly addNameRange     '1.1.1',
103 silly addNameRange     '1.1.2',
103 silly addNameRange     '2.0.3',
103 silly addNameRange     '1.2.0',
103 silly addNameRange     '1.2.1',
103 silly addNameRange     '1.3.0',
103 silly addNameRange     '1.4.0',
103 silly addNameRange     '1.4.1' ] ]
104 silly addNamed q@1.4.1
105 verbose addNamed "1.4.1" is a plain semver version for q
106 silly resolveWithNewModule underscore@1.8.3 checking installable status
107 silly cache add args [ 'underscore@^1.8.3', null ]
108 verbose cache add spec underscore@^1.8.3
109 silly cache add parsed spec Result {
109 silly cache add   raw: 'underscore@^1.8.3',
109 silly cache add   scope: null,
109 silly cache add   name: 'underscore',
109 silly cache add   rawSpec: '^1.8.3',
109 silly cache add   spec: '>=1.8.3 <2.0.0',
109 silly cache add   type: 'range' }
110 silly addNamed underscore@>=1.8.3 <2.0.0
111 verbose addNamed ">=1.8.3 <2.0.0" is a valid semver range for underscore
112 silly addNameRange { name: 'underscore', range: '>=1.8.3 <2.0.0', hasData: false }
113 silly mapToRegistry name underscore
114 silly mapToRegistry using default registry
115 silly mapToRegistry registry https://registry.npmjs.org/
116 silly mapToRegistry uri https://registry.npmjs.org/underscore
117 verbose addNameRange registry:https://registry.npmjs.org/underscore not in flight; fetching
118 verbose get https://registry.npmjs.org/underscore not expired, no request
119 silly addNameRange number 2 { name: 'underscore', range: '>=1.8.3 <2.0.0', hasData: true }
120 silly addNameRange versions [ 'underscore',
120 silly addNameRange   [ '1.0.3',
120 silly addNameRange     '1.0.4',
120 silly addNameRange     '1.1.0',
120 silly addNameRange     '1.1.1',
120 silly addNameRange     '1.1.2',
120 silly addNameRange     '1.1.3',
120 silly addNameRange     '1.1.4',
120 silly addNameRange     '1.1.5',
120 silly addNameRange     '1.1.6',
120 silly addNameRange     '1.1.7',
120 silly addNameRange     '1.2.0',
120 silly addNameRange     '1.2.1',
120 silly addNameRange     '1.2.2',
120 silly addNameRange     '1.2.3',
120 silly addNameRange     '1.2.4',
120 silly addNameRange     '1.3.0',
120 silly addNameRange     '1.3.1',
120 silly addNameRange     '1.3.2',
120 silly addNameRange     '1.3.3',
120 silly addNameRange     '1.4.0',
120 silly addNameRange     '1.4.1',
120 silly addNameRange     '1.4.2',
120 silly addNameRange     '1.4.3',
120 silly addNameRange     '1.4.4',
120 silly addNameRange     '1.5.0',
120 silly addNameRange     '1.5.1',
120 silly addNameRange     '1.5.2',
120 silly addNameRange     '1.6.0',
120 silly addNameRange     '1.7.0',
120 silly addNameRange     '1.8.0',
120 silly addNameRange     '1.8.1',
120 silly addNameRange     '1.8.2',
120 silly addNameRange     '1.8.3' ] ]
121 silly addNamed underscore@1.8.3
122 verbose addNamed "1.8.3" is a plain semver version for underscore
123 silly cache afterAdd q@1.4.1
124 verbose afterAdd /home/gaeldupont44/.npm/q/1.4.1/package/package.json not in flight; writing
125 verbose correctMkdir /home/gaeldupont44/.npm correctMkdir not in flight; initializing
126 verbose afterAdd /home/gaeldupont44/.npm/q/1.4.1/package/package.json written
127 silly cache afterAdd underscore@1.8.3
128 verbose afterAdd /home/gaeldupont44/.npm/underscore/1.8.3/package/package.json not in flight; writing
129 verbose correctMkdir /home/gaeldupont44/.npm correctMkdir not in flight; initializing
130 verbose afterAdd /home/gaeldupont44/.npm/underscore/1.8.3/package/package.json written
131 silly loadAllDepsIntoIdealTree Finishing
132 silly idealTree:prePrune rf.io@0.0.1
132 silly idealTree:prePrune ├── accept@2.1.3
132 silly idealTree:prePrune ├── accepts@1.1.4
132 silly idealTree:prePrune ├── after@0.8.1
132 silly idealTree:prePrune ├─┬ ammo@2.0.2
132 silly idealTree:prePrune │ └── boom@3.2.2
132 silly idealTree:prePrune ├── arraybuffer.slice@0.0.6
132 silly idealTree:prePrune ├── async@1.5.2
132 silly idealTree:prePrune ├── b64@3.0.2
132 silly idealTree:prePrune ├── backo2@1.0.2
132 silly idealTree:prePrune ├── base64-arraybuffer@0.1.2
132 silly idealTree:prePrune ├── base64id@0.1.0
132 silly idealTree:prePrune ├── benchmark@1.0.0
132 silly idealTree:prePrune ├── better-assert@1.0.2
132 silly idealTree:prePrune ├── blob@0.0.4
132 silly idealTree:prePrune ├── bluebird@2.10.2
132 silly idealTree:prePrune ├── boom@4.0.0
132 silly idealTree:prePrune ├── bson@0.5.4
132 silly idealTree:prePrune ├── buffer-shims@1.0.0
132 silly idealTree:prePrune ├─┬ call@3.0.3
132 silly idealTree:prePrune │ └── boom@3.2.2
132 silly idealTree:prePrune ├── callsite@1.0.0
132 silly idealTree:prePrune ├── catbox-memory@2.0.3
132 silly idealTree:prePrune ├─┬ catbox@7.1.2
132 silly idealTree:prePrune │ └── boom@3.2.2
132 silly idealTree:prePrune ├── component-bind@1.0.0
132 silly idealTree:prePrune ├── component-emitter@1.1.2
132 silly idealTree:prePrune ├── component-inherit@0.0.3
132 silly idealTree:prePrune ├─┬ content@3.0.2
132 silly idealTree:prePrune │ └── boom@3.2.2
132 silly idealTree:prePrune ├── core-util-is@1.0.2
132 silly idealTree:prePrune ├── cryptiles@3.1.1
132 silly idealTree:prePrune ├── debug@2.2.0
132 silly idealTree:prePrune ├─┬ engine.io-client@1.6.11
132 silly idealTree:prePrune │ └── ws@1.0.1
132 silly idealTree:prePrune ├─┬ engine.io-parser@1.2.4
132 silly idealTree:prePrune │ ├── has-binary@0.1.6
132 silly idealTree:prePrune │ └── isarray@0.0.1
132 silly idealTree:prePrune ├── engine.io@1.6.11
132 silly idealTree:prePrune ├── es6-promise@3.2.1
132 silly idealTree:prePrune ├── hapi@15.0.3
132 silly idealTree:prePrune ├─┬ has-binary@0.1.7
132 silly idealTree:prePrune │ └── isarray@0.0.1
132 silly idealTree:prePrune ├── has-cors@1.1.0
132 silly idealTree:prePrune ├─┬ heavy@4.0.2
132 silly idealTree:prePrune │ └── boom@3.2.2
132 silly idealTree:prePrune ├── hoek@4.0.2
132 silly idealTree:prePrune ├── hooks-fixed@1.2.0
132 silly idealTree:prePrune ├── indexof@0.0.1
132 silly idealTree:prePrune ├─┬ inert@4.0.2
132 silly idealTree:prePrune │ └── boom@3.2.2
132 silly idealTree:prePrune ├── inherits@2.0.3
132 silly idealTree:prePrune ├── iron@4.0.4
132 silly idealTree:prePrune ├── isarray@1.0.0
132 silly idealTree:prePrune ├── isemail@2.2.1
132 silly idealTree:prePrune ├── items@2.1.1
132 silly idealTree:prePrune ├── joi@9.0.4
132 silly idealTree:prePrune ├── json3@3.2.6
132 silly idealTree:prePrune ├── kareem@1.1.3
132 silly idealTree:prePrune ├── lodash@4.15.0
132 silly idealTree:prePrune ├── lru-cache@4.0.1
132 silly idealTree:prePrune ├── mime-db@1.23.0
132 silly idealTree:prePrune ├─┬ mime-types@2.0.14
132 silly idealTree:prePrune │ └── mime-db@1.12.0
132 silly idealTree:prePrune ├── mimos@3.0.3
132 silly idealTree:prePrune ├── moment@2.14.1
132 silly idealTree:prePrune ├── mongodb-core@2.0.11
132 silly idealTree:prePrune ├── mongodb@2.2.9
132 silly idealTree:prePrune ├── mongoose@4.6.0
132 silly idealTree:prePrune ├── mpath@0.2.1
132 silly idealTree:prePrune ├── mpromise@0.5.5
132 silly idealTree:prePrune ├─┬ mquery@1.11.0
132 silly idealTree:prePrune │ └── sliced@0.0.5
132 silly idealTree:prePrune ├── ms@0.7.1
132 silly idealTree:prePrune ├── muri@1.1.0
132 silly idealTree:prePrune ├── negotiator@0.4.9
132 silly idealTree:prePrune ├── nigel@2.0.2
132 silly idealTree:prePrune ├── object-component@0.0.3
132 silly idealTree:prePrune ├── options@0.0.6
132 silly idealTree:prePrune ├── parsejson@0.0.1
132 silly idealTree:prePrune ├── parseqs@0.0.2
132 silly idealTree:prePrune ├── parseuri@0.0.4
132 silly idealTree:prePrune ├─┬ pez@2.1.2
132 silly idealTree:prePrune │ └── boom@3.2.2
132 silly idealTree:prePrune ├── podium@1.2.3
132 silly idealTree:prePrune ├── process-nextick-args@1.0.7
132 silly idealTree:prePrune ├── pseudomap@1.0.2
132 silly idealTree:prePrune ├── q@1.4.1
132 silly idealTree:prePrune ├── readable-stream@2.1.5
132 silly idealTree:prePrune ├── regexp-clone@0.0.1
132 silly idealTree:prePrune ├── require_optional@1.0.0
132 silly idealTree:prePrune ├── resolve-from@2.0.0
132 silly idealTree:prePrune ├── rpi-433@2.1.0
132 silly idealTree:prePrune ├── semver@5.3.0
132 silly idealTree:prePrune ├── shot@3.3.2
132 silly idealTree:prePrune ├── sliced@1.0.1
132 silly idealTree:prePrune ├─┬ socket.io-adapter@0.4.0
132 silly idealTree:prePrune │ ├── isarray@0.0.1
132 silly idealTree:prePrune │ └─┬ socket.io-parser@2.2.2
132 silly idealTree:prePrune │   └── debug@0.7.4
132 silly idealTree:prePrune ├─┬ socket.io-client@1.4.8
132 silly idealTree:prePrune │ └── component-emitter@1.2.0
132 silly idealTree:prePrune ├─┬ socket.io-parser@2.2.6
132 silly idealTree:prePrune │ ├── isarray@0.0.1
132 silly idealTree:prePrune │ └── json3@3.3.2
132 silly idealTree:prePrune ├── socket.io@1.4.8
132 silly idealTree:prePrune ├─┬ statehood@5.0.0
132 silly idealTree:prePrune │ └── boom@3.2.2
132 silly idealTree:prePrune ├── string_decoder@0.10.31
132 silly idealTree:prePrune ├─┬ subtext@4.2.1
132 silly idealTree:prePrune │ └── boom@3.2.2
132 silly idealTree:prePrune ├── to-array@0.1.4
132 silly idealTree:prePrune ├── topo@2.0.2
132 silly idealTree:prePrune ├── ultron@1.0.2
132 silly idealTree:prePrune ├── underscore@1.8.3
132 silly idealTree:prePrune ├── utf8@2.1.0
132 silly idealTree:prePrune ├── util-deprecate@1.0.2
132 silly idealTree:prePrune ├── vise@2.0.2
132 silly idealTree:prePrune ├─┬ wreck@8.0.1
132 silly idealTree:prePrune │ └── boom@3.2.2
132 silly idealTree:prePrune ├── ws@1.1.0
132 silly idealTree:prePrune ├── xmlhttprequest-ssl@1.5.1
132 silly idealTree:prePrune ├── yallist@2.0.0
132 silly idealTree:prePrune └── yeast@0.1.2
133 silly loadIdealTree Finishing
134 silly currentTree rf.io@0.0.1
134 silly currentTree ├── accept@2.1.3
134 silly currentTree ├── accepts@1.1.4
134 silly currentTree ├── after@0.8.1
134 silly currentTree ├─┬ ammo@2.0.2
134 silly currentTree │ └── boom@3.2.2
134 silly currentTree ├── arraybuffer.slice@0.0.6
134 silly currentTree ├── async@1.5.2
134 silly currentTree ├── b64@3.0.2
134 silly currentTree ├── backo2@1.0.2
134 silly currentTree ├── base64-arraybuffer@0.1.2
134 silly currentTree ├── base64id@0.1.0
134 silly currentTree ├── benchmark@1.0.0
134 silly currentTree ├── better-assert@1.0.2
134 silly currentTree ├── blob@0.0.4
134 silly currentTree ├── bluebird@2.10.2
134 silly currentTree ├── boom@4.0.0
134 silly currentTree ├── bson@0.5.4
134 silly currentTree ├── buffer-shims@1.0.0
134 silly currentTree ├─┬ call@3.0.3
134 silly currentTree │ └── boom@3.2.2
134 silly currentTree ├── callsite@1.0.0
134 silly currentTree ├── catbox-memory@2.0.3
134 silly currentTree ├─┬ catbox@7.1.2
134 silly currentTree │ └── boom@3.2.2
134 silly currentTree ├── component-bind@1.0.0
134 silly currentTree ├── component-emitter@1.1.2
134 silly currentTree ├── component-inherit@0.0.3
134 silly currentTree ├─┬ content@3.0.2
134 silly currentTree │ └── boom@3.2.2
134 silly currentTree ├── core-util-is@1.0.2
134 silly currentTree ├── cryptiles@3.1.1
134 silly currentTree ├── debug@2.2.0
134 silly currentTree ├─┬ engine.io-client@1.6.11
134 silly currentTree │ └── ws@1.0.1
134 silly currentTree ├─┬ engine.io-parser@1.2.4
134 silly currentTree │ ├── has-binary@0.1.6
134 silly currentTree │ └── isarray@0.0.1
134 silly currentTree ├── engine.io@1.6.11
134 silly currentTree ├── es6-promise@3.2.1
134 silly currentTree ├── hapi@15.0.3
134 silly currentTree ├─┬ has-binary@0.1.7
134 silly currentTree │ └── isarray@0.0.1
134 silly currentTree ├── has-cors@1.1.0
134 silly currentTree ├─┬ heavy@4.0.2
134 silly currentTree │ └── boom@3.2.2
134 silly currentTree ├── hoek@4.0.2
134 silly currentTree ├── hooks-fixed@1.2.0
134 silly currentTree ├── indexof@0.0.1
134 silly currentTree ├─┬ inert@4.0.2
134 silly currentTree │ └── boom@3.2.2
134 silly currentTree ├── inherits@2.0.3
134 silly currentTree ├── iron@4.0.4
134 silly currentTree ├── isarray@1.0.0
134 silly currentTree ├── isemail@2.2.1
134 silly currentTree ├── items@2.1.1
134 silly currentTree ├── joi@9.0.4
134 silly currentTree ├── json3@3.2.6
134 silly currentTree ├── kareem@1.1.3
134 silly currentTree ├── lodash@4.15.0
134 silly currentTree ├── lru-cache@4.0.1
134 silly currentTree ├── mime-db@1.23.0
134 silly currentTree ├─┬ mime-types@2.0.14
134 silly currentTree │ └── mime-db@1.12.0
134 silly currentTree ├── mimos@3.0.3
134 silly currentTree ├── moment@2.14.1
134 silly currentTree ├── mongodb-core@2.0.11
134 silly currentTree ├── mongodb@2.2.9
134 silly currentTree ├── mongoose@4.6.0
134 silly currentTree ├── mpath@0.2.1
134 silly currentTree ├── mpromise@0.5.5
134 silly currentTree ├─┬ mquery@1.11.0
134 silly currentTree │ └── sliced@0.0.5
134 silly currentTree ├── ms@0.7.1
134 silly currentTree ├── muri@1.1.0
134 silly currentTree ├── negotiator@0.4.9
134 silly currentTree ├── nigel@2.0.2
134 silly currentTree ├── object-component@0.0.3
134 silly currentTree ├── options@0.0.6
134 silly currentTree ├── parsejson@0.0.1
134 silly currentTree ├── parseqs@0.0.2
134 silly currentTree ├── parseuri@0.0.4
134 silly currentTree ├─┬ pez@2.1.2
134 silly currentTree │ └── boom@3.2.2
134 silly currentTree ├── podium@1.2.3
134 silly currentTree ├── process-nextick-args@1.0.7
134 silly currentTree ├── pseudomap@1.0.2
134 silly currentTree ├── readable-stream@2.1.5
134 silly currentTree ├── regexp-clone@0.0.1
134 silly currentTree ├── require_optional@1.0.0
134 silly currentTree ├── resolve-from@2.0.0
134 silly currentTree ├── semver@5.3.0
134 silly currentTree ├── shot@3.3.2
134 silly currentTree ├── sliced@1.0.1
134 silly currentTree ├─┬ socket.io-adapter@0.4.0
134 silly currentTree │ ├── isarray@0.0.1
134 silly currentTree │ └─┬ socket.io-parser@2.2.2
134 silly currentTree │   └── debug@0.7.4
134 silly currentTree ├─┬ socket.io-client@1.4.8
134 silly currentTree │ └── component-emitter@1.2.0
134 silly currentTree ├─┬ socket.io-parser@2.2.6
134 silly currentTree │ ├── isarray@0.0.1
134 silly currentTree │ └── json3@3.3.2
134 silly currentTree ├── socket.io@1.4.8
134 silly currentTree ├─┬ statehood@5.0.0
134 silly currentTree │ └── boom@3.2.2
134 silly currentTree ├── string_decoder@0.10.31
134 silly currentTree ├─┬ subtext@4.2.1
134 silly currentTree │ └── boom@3.2.2
134 silly currentTree ├── to-array@0.1.4
134 silly currentTree ├── topo@2.0.2
134 silly currentTree ├── ultron@1.0.2
134 silly currentTree ├── utf8@2.1.0
134 silly currentTree ├── util-deprecate@1.0.2
134 silly currentTree ├── vise@2.0.2
134 silly currentTree ├─┬ wreck@8.0.1
134 silly currentTree │ └── boom@3.2.2
134 silly currentTree ├── ws@1.1.0
134 silly currentTree ├── xmlhttprequest-ssl@1.5.1
134 silly currentTree ├── yallist@2.0.0
134 silly currentTree └── yeast@0.1.2
135 silly idealTree rf.io@0.0.1
135 silly idealTree ├── accept@2.1.3
135 silly idealTree ├── accepts@1.1.4
135 silly idealTree ├── after@0.8.1
135 silly idealTree ├─┬ ammo@2.0.2
135 silly idealTree │ └── boom@3.2.2
135 silly idealTree ├── arraybuffer.slice@0.0.6
135 silly idealTree ├── async@1.5.2
135 silly idealTree ├── b64@3.0.2
135 silly idealTree ├── backo2@1.0.2
135 silly idealTree ├── base64-arraybuffer@0.1.2
135 silly idealTree ├── base64id@0.1.0
135 silly idealTree ├── benchmark@1.0.0
135 silly idealTree ├── better-assert@1.0.2
135 silly idealTree ├── blob@0.0.4
135 silly idealTree ├── bluebird@2.10.2
135 silly idealTree ├── boom@4.0.0
135 silly idealTree ├── bson@0.5.4
135 silly idealTree ├── buffer-shims@1.0.0
135 silly idealTree ├─┬ call@3.0.3
135 silly idealTree │ └── boom@3.2.2
135 silly idealTree ├── callsite@1.0.0
135 silly idealTree ├── catbox-memory@2.0.3
135 silly idealTree ├─┬ catbox@7.1.2
135 silly idealTree │ └── boom@3.2.2
135 silly idealTree ├── component-bind@1.0.0
135 silly idealTree ├── component-emitter@1.1.2
135 silly idealTree ├── component-inherit@0.0.3
135 silly idealTree ├─┬ content@3.0.2
135 silly idealTree │ └── boom@3.2.2
135 silly idealTree ├── core-util-is@1.0.2
135 silly idealTree ├── cryptiles@3.1.1
135 silly idealTree ├── debug@2.2.0
135 silly idealTree ├─┬ engine.io-client@1.6.11
135 silly idealTree │ └── ws@1.0.1
135 silly idealTree ├─┬ engine.io-parser@1.2.4
135 silly idealTree │ ├── has-binary@0.1.6
135 silly idealTree │ └── isarray@0.0.1
135 silly idealTree ├── engine.io@1.6.11
135 silly idealTree ├── es6-promise@3.2.1
135 silly idealTree ├── hapi@15.0.3
135 silly idealTree ├─┬ has-binary@0.1.7
135 silly idealTree │ └── isarray@0.0.1
135 silly idealTree ├── has-cors@1.1.0
135 silly idealTree ├─┬ heavy@4.0.2
135 silly idealTree │ └── boom@3.2.2
135 silly idealTree ├── hoek@4.0.2
135 silly idealTree ├── hooks-fixed@1.2.0
135 silly idealTree ├── indexof@0.0.1
135 silly idealTree ├─┬ inert@4.0.2
135 silly idealTree │ └── boom@3.2.2
135 silly idealTree ├── inherits@2.0.3
135 silly idealTree ├── iron@4.0.4
135 silly idealTree ├── isarray@1.0.0
135 silly idealTree ├── isemail@2.2.1
135 silly idealTree ├── items@2.1.1
135 silly idealTree ├── joi@9.0.4
135 silly idealTree ├── json3@3.2.6
135 silly idealTree ├── kareem@1.1.3
135 silly idealTree ├── lodash@4.15.0
135 silly idealTree ├── lru-cache@4.0.1
135 silly idealTree ├── mime-db@1.23.0
135 silly idealTree ├─┬ mime-types@2.0.14
135 silly idealTree │ └── mime-db@1.12.0
135 silly idealTree ├── mimos@3.0.3
135 silly idealTree ├── moment@2.14.1
135 silly idealTree ├── mongodb-core@2.0.11
135 silly idealTree ├── mongodb@2.2.9
135 silly idealTree ├── mongoose@4.6.0
135 silly idealTree ├── mpath@0.2.1
135 silly idealTree ├── mpromise@0.5.5
135 silly idealTree ├─┬ mquery@1.11.0
135 silly idealTree │ └── sliced@0.0.5
135 silly idealTree ├── ms@0.7.1
135 silly idealTree ├── muri@1.1.0
135 silly idealTree ├── negotiator@0.4.9
135 silly idealTree ├── nigel@2.0.2
135 silly idealTree ├── object-component@0.0.3
135 silly idealTree ├── options@0.0.6
135 silly idealTree ├── parsejson@0.0.1
135 silly idealTree ├── parseqs@0.0.2
135 silly idealTree ├── parseuri@0.0.4
135 silly idealTree ├─┬ pez@2.1.2
135 silly idealTree │ └── boom@3.2.2
135 silly idealTree ├── podium@1.2.3
135 silly idealTree ├── process-nextick-args@1.0.7
135 silly idealTree ├── pseudomap@1.0.2
135 silly idealTree ├── q@1.4.1
135 silly idealTree ├── readable-stream@2.1.5
135 silly idealTree ├── regexp-clone@0.0.1
135 silly idealTree ├── require_optional@1.0.0
135 silly idealTree ├── resolve-from@2.0.0
135 silly idealTree ├── rpi-433@2.1.0
135 silly idealTree ├── semver@5.3.0
135 silly idealTree ├── shot@3.3.2
135 silly idealTree ├── sliced@1.0.1
135 silly idealTree ├─┬ socket.io-adapter@0.4.0
135 silly idealTree │ ├── isarray@0.0.1
135 silly idealTree │ └─┬ socket.io-parser@2.2.2
135 silly idealTree │   └── debug@0.7.4
135 silly idealTree ├─┬ socket.io-client@1.4.8
135 silly idealTree │ └── component-emitter@1.2.0
135 silly idealTree ├─┬ socket.io-parser@2.2.6
135 silly idealTree │ ├── isarray@0.0.1
135 silly idealTree │ └── json3@3.3.2
135 silly idealTree ├── socket.io@1.4.8
135 silly idealTree ├─┬ statehood@5.0.0
135 silly idealTree │ └── boom@3.2.2
135 silly idealTree ├── string_decoder@0.10.31
135 silly idealTree ├─┬ subtext@4.2.1
135 silly idealTree │ └── boom@3.2.2
135 silly idealTree ├── to-array@0.1.4
135 silly idealTree ├── topo@2.0.2
135 silly idealTree ├── ultron@1.0.2
135 silly idealTree ├── underscore@1.8.3
135 silly idealTree ├── utf8@2.1.0
135 silly idealTree ├── util-deprecate@1.0.2
135 silly idealTree ├── vise@2.0.2
135 silly idealTree ├─┬ wreck@8.0.1
135 silly idealTree │ └── boom@3.2.2
135 silly idealTree ├── ws@1.1.0
135 silly idealTree ├── xmlhttprequest-ssl@1.5.1
135 silly idealTree ├── yallist@2.0.0
135 silly idealTree └── yeast@0.1.2
136 silly generateActionsToTake Starting
137 silly install generateActionsToTake
138 silly generateActionsToTake Finishing
139 silly diffTrees action count 3
140 silly diffTrees add q@1.4.1
141 silly diffTrees add underscore@1.8.3
142 silly diffTrees add rpi-433@2.1.0
143 silly decomposeActions action count 24
144 silly decomposeActions fetch q@1.4.1
145 silly decomposeActions extract q@1.4.1
146 silly decomposeActions test q@1.4.1
147 silly decomposeActions preinstall q@1.4.1
148 silly decomposeActions build q@1.4.1
149 silly decomposeActions install q@1.4.1
150 silly decomposeActions postinstall q@1.4.1
151 silly decomposeActions finalize q@1.4.1
152 silly decomposeActions fetch underscore@1.8.3
153 silly decomposeActions extract underscore@1.8.3
154 silly decomposeActions test underscore@1.8.3
155 silly decomposeActions preinstall underscore@1.8.3
156 silly decomposeActions build underscore@1.8.3
157 silly decomposeActions install underscore@1.8.3
158 silly decomposeActions postinstall underscore@1.8.3
159 silly decomposeActions finalize underscore@1.8.3
160 silly decomposeActions fetch rpi-433@2.1.0
161 silly decomposeActions extract rpi-433@2.1.0
162 silly decomposeActions test rpi-433@2.1.0
163 silly decomposeActions preinstall rpi-433@2.1.0
164 silly decomposeActions build rpi-433@2.1.0
165 silly decomposeActions install rpi-433@2.1.0
166 silly decomposeActions postinstall rpi-433@2.1.0
167 silly decomposeActions finalize rpi-433@2.1.0
168 silly executeActions Starting
169 silly install executeActions
170 silly doSerial global-install 0
171 silly doParallel fetch 3
172 verbose correctMkdir /home/gaeldupont44/.npm/_locks correctMkdir not in flight; initializing
173 verbose lock using /home/gaeldupont44/.npm/_locks/staging-472165fa2538942f.lock for /home/gaeldupont44/www/RF.io/node_modules/.staging
174 silly doParallel extract 3
175 silly extract q@1.4.1
176 silly extract underscore@1.8.3
177 silly extract rpi-433@2.1.0
178 verbose unbuild node_modules/.staging/q-9b5f693e
179 verbose unbuild node_modules/.staging/underscore-3eaadf04
180 verbose unbuild node_modules/.staging/rpi-433-6328388e
181 silly gentlyRm /home/gaeldupont44/www/RF.io/node_modules/.staging/q-9b5f693e is being purged from base /home/gaeldupont44/www/RF.io
182 verbose gentlyRm don't care about contents; nuking /home/gaeldupont44/www/RF.io/node_modules/.staging/q-9b5f693e
183 silly gentlyRm /home/gaeldupont44/www/RF.io/node_modules/.staging/underscore-3eaadf04 is being purged from base /home/gaeldupont44/www/RF.io
184 verbose gentlyRm don't care about contents; nuking /home/gaeldupont44/www/RF.io/node_modules/.staging/underscore-3eaadf04
185 silly gentlyRm /home/gaeldupont44/www/RF.io/node_modules/.staging/rpi-433-6328388e is being purged from base /home/gaeldupont44/www/RF.io
186 verbose gentlyRm don't care about contents; nuking /home/gaeldupont44/www/RF.io/node_modules/.staging/rpi-433-6328388e
187 verbose tar unpack /home/gaeldupont44/.npm/q/1.4.1/package.tgz
188 verbose tar unpacking to /home/gaeldupont44/www/RF.io/node_modules/.staging/q-9b5f693e
189 silly gentlyRm /home/gaeldupont44/www/RF.io/node_modules/.staging/q-9b5f693e is being purged
190 verbose gentlyRm don't care about contents; nuking /home/gaeldupont44/www/RF.io/node_modules/.staging/q-9b5f693e
191 verbose tar unpack /home/gaeldupont44/.npm/underscore/1.8.3/package.tgz
192 verbose tar unpacking to /home/gaeldupont44/www/RF.io/node_modules/.staging/underscore-3eaadf04
193 silly gentlyRm /home/gaeldupont44/www/RF.io/node_modules/.staging/underscore-3eaadf04 is being purged
194 verbose gentlyRm don't care about contents; nuking /home/gaeldupont44/www/RF.io/node_modules/.staging/underscore-3eaadf04
195 verbose tar unpack /home/gaeldupont44/.npm/rpi-433/2.1.0/package.tgz
196 verbose tar unpacking to /home/gaeldupont44/www/RF.io/node_modules/.staging/rpi-433-6328388e
197 silly gentlyRm /home/gaeldupont44/www/RF.io/node_modules/.staging/rpi-433-6328388e is being purged
198 verbose gentlyRm don't care about contents; nuking /home/gaeldupont44/www/RF.io/node_modules/.staging/rpi-433-6328388e
199 silly gunzTarPerm modes [ '775', '664' ]
200 silly gunzTarPerm modes [ '775', '664' ]
201 silly gunzTarPerm modes [ '775', '664' ]
202 silly gunzTarPerm extractEntry package.json
203 silly gunzTarPerm modified mode [ 'package.json', 420, 436 ]
204 silly gunzTarPerm extractEntry package.json
205 silly gunzTarPerm modified mode [ 'package.json', 420, 436 ]
206 silly gunzTarPerm extractEntry package.json
207 silly gunzTarPerm extractEntry README.md
208 silly gunzTarPerm modified mode [ 'README.md', 420, 436 ]
209 silly gunzTarPerm extractEntry LICENSE
210 silly gunzTarPerm modified mode [ 'LICENSE', 420, 436 ]
211 silly gunzTarPerm extractEntry q.js
212 silly gunzTarPerm modified mode [ 'q.js', 420, 436 ]
213 silly gunzTarPerm extractEntry queue.js
214 silly gunzTarPerm modified mode [ 'queue.js', 420, 436 ]
215 silly gunzTarPerm extractEntry CHANGES.md
216 silly gunzTarPerm modified mode [ 'CHANGES.md', 420, 436 ]
217 silly gunzTarPerm extractEntry README.md
218 silly gunzTarPerm modified mode [ 'README.md', 420, 436 ]
219 silly gunzTarPerm extractEntry LICENSE
220 silly gunzTarPerm modified mode [ 'LICENSE', 420, 436 ]
221 silly gunzTarPerm extractEntry .npmignore
222 silly gunzTarPerm extractEntry README.md
223 silly gunzTarPerm extractEntry Emitter.js
224 silly gunzTarPerm extractEntry Sniffer.js
225 silly gunzTarPerm extractEntry underscore.js
226 silly gunzTarPerm modified mode [ 'underscore.js', 420, 436 ]
227 silly gunzTarPerm extractEntry underscore-min.js
228 silly gunzTarPerm modified mode [ 'underscore-min.js', 420, 436 ]
229 silly gunzTarPerm extractEntry underscore-min.map
230 silly gunzTarPerm modified mode [ 'underscore-min.map', 420, 436 ]
231 silly gunzTarPerm extractEntry index.js
232 silly gunzTarPerm extractEntry src/Makefile
233 silly gunzTarPerm extractEntry src/RCSwitch.cpp
234 silly gunzTarPerm extractEntry src/RCSwitch.h
235 silly gunzTarPerm extractEntry src/RFSniffer.cpp
236 silly gunzTarPerm extractEntry src/codesend.cpp
237 silly gentlyRm /home/gaeldupont44/www/RF.io/node_modules/.staging/underscore-3eaadf04/node_modules is being purged
238 verbose gentlyRm don't care about contents; nuking /home/gaeldupont44/www/RF.io/node_modules/.staging/underscore-3eaadf04/node_modules
239 silly gentlyRm /home/gaeldupont44/www/RF.io/node_modules/.staging/q-9b5f693e/node_modules is being purged
240 verbose gentlyRm don't care about contents; nuking /home/gaeldupont44/www/RF.io/node_modules/.staging/q-9b5f693e/node_modules
241 silly gentlyRm /home/gaeldupont44/www/RF.io/node_modules/.staging/rpi-433-6328388e/node_modules is being purged
242 verbose gentlyRm don't care about contents; nuking /home/gaeldupont44/www/RF.io/node_modules/.staging/rpi-433-6328388e/node_modules
243 silly doParallel preinstall 3
244 silly preinstall q@1.4.1 /home/gaeldupont44/www/RF.io/node_modules/.staging/q-9b5f693e
245 info lifecycle q@1.4.1~preinstall: q@1.4.1
246 silly preinstall underscore@1.8.3 /home/gaeldupont44/www/RF.io/node_modules/.staging/underscore-3eaadf04
247 info lifecycle underscore@1.8.3~preinstall: underscore@1.8.3
248 silly preinstall rpi-433@2.1.0 /home/gaeldupont44/www/RF.io/node_modules/.staging/rpi-433-6328388e
249 info lifecycle rpi-433@2.1.0~preinstall: rpi-433@2.1.0
250 silly lifecycle q@1.4.1~preinstall: no script for preinstall, continuing
251 silly lifecycle underscore@1.8.3~preinstall: no script for preinstall, continuing
252 silly lifecycle rpi-433@2.1.0~preinstall: no script for preinstall, continuing
253 silly doReverseSerial remove 0
254 silly doSerial move 0
255 silly doSerial finalize 3
256 silly finalize /home/gaeldupont44/www/RF.io/node_modules/q
257 silly finalize /home/gaeldupont44/www/RF.io/node_modules/underscore
258 silly finalize /home/gaeldupont44/www/RF.io/node_modules/rpi-433
259 silly doSerial build 3
260 silly build q@1.4.1
261 info linkStuff q@1.4.1
262 silly linkStuff q@1.4.1 has /home/gaeldupont44/www/RF.io/node_modules as its parent node_modules
263 verbose linkBins q@1.4.1
264 verbose linkMans q@1.4.1
265 silly build underscore@1.8.3
266 info linkStuff underscore@1.8.3
267 silly linkStuff underscore@1.8.3 has /home/gaeldupont44/www/RF.io/node_modules as its parent node_modules
268 verbose linkBins underscore@1.8.3
269 verbose linkMans underscore@1.8.3
270 silly build rpi-433@2.1.0
271 info linkStuff rpi-433@2.1.0
272 silly linkStuff rpi-433@2.1.0 has /home/gaeldupont44/www/RF.io/node_modules as its parent node_modules
273 verbose linkBins rpi-433@2.1.0
274 verbose linkMans rpi-433@2.1.0
275 silly doSerial global-link 0
276 silly doParallel update-linked 0
277 silly doSerial install 3
278 silly install q@1.4.1 /home/gaeldupont44/www/RF.io/node_modules/.staging/q-9b5f693e
279 info lifecycle q@1.4.1~install: q@1.4.1
280 silly lifecycle q@1.4.1~install: no script for install, continuing
281 silly install underscore@1.8.3 /home/gaeldupont44/www/RF.io/node_modules/.staging/underscore-3eaadf04
282 info lifecycle underscore@1.8.3~install: underscore@1.8.3
283 silly lifecycle underscore@1.8.3~install: no script for install, continuing
284 silly install rpi-433@2.1.0 /home/gaeldupont44/www/RF.io/node_modules/.staging/rpi-433-6328388e
285 info lifecycle rpi-433@2.1.0~install: rpi-433@2.1.0
286 verbose lifecycle rpi-433@2.1.0~install: unsafe-perm in lifecycle true
287 verbose lifecycle rpi-433@2.1.0~install: PATH: /usr/local/lib/node_modules/npm/bin/node-gyp-bin:/home/gaeldupont44/www/RF.io/node_modules/rpi-433/node_modules/.bin:/home/gaeldupont44/www/RF.io/node_modules/.bin:/usr/local/bin:/usr/local/sbin:/usr/local/bin:/usr/sbin:/usr/bin:/sbin:/bin:/usr/games
288 verbose lifecycle rpi-433@2.1.0~install: CWD: /home/gaeldupont44/www/RF.io/node_modules/rpi-433
289 silly lifecycle rpi-433@2.1.0~install: Args: [ '-c', 'mkdir ./build && cd ./src && /usr/bin/make' ]
290 silly lifecycle rpi-433@2.1.0~install: Returned: code: 2  signal: null
291 info lifecycle rpi-433@2.1.0~install: Failed to exec install script
292 verbose unlock done using /home/gaeldupont44/.npm/_locks/staging-472165fa2538942f.lock for /home/gaeldupont44/www/RF.io/node_modules/.staging
293 silly rollbackFailedOptional Starting
294 silly rollbackFailedOptional Finishing
295 silly runTopLevelLifecycles Starting
296 silly runTopLevelLifecycles Finishing
297 silly install printInstalled
298 verbose stack Error: rpi-433@2.1.0 install: `mkdir ./build && cd ./src && /usr/bin/make`
298 verbose stack Exit status 2
298 verbose stack     at EventEmitter.<anonymous> (/usr/local/lib/node_modules/npm/lib/utils/lifecycle.js:239:16)
298 verbose stack     at emitTwo (events.js:100:13)
298 verbose stack     at EventEmitter.emit (events.js:185:7)
298 verbose stack     at ChildProcess.<anonymous> (/usr/local/lib/node_modules/npm/lib/utils/spawn.js:24:14)
298 verbose stack     at emitTwo (events.js:100:13)
298 verbose stack     at ChildProcess.emit (events.js:185:7)
298 verbose stack     at maybeClose (internal/child_process.js:850:16)
298 verbose stack     at Process.ChildProcess._handle.onexit (internal/child_process.js:215:5)
299 verbose pkgid rpi-433@2.1.0
300 verbose cwd /home/gaeldupont44/www/RF.io
301 error Linux 3.14.32-xxxx-grs-ipv6-64
302 error argv "/usr/local/bin/node" "/usr/local/bin/npm" "install" "rpi-433" "--save"
303 error node v5.9.0
304 error npm  v3.7.3
305 error code ELIFECYCLE
306 error rpi-433@2.1.0 install: `mkdir ./build && cd ./src && /usr/bin/make`
306 error Exit status 2
307 error Failed at the rpi-433@2.1.0 install script 'mkdir ./build && cd ./src && /usr/bin/make'.
307 error Make sure you have the latest version of node.js and npm installed.
307 error If you do, this is most likely a problem with the rpi-433 package,
307 error not with npm itself.
307 error Tell the author that this fails on your system:
307 error     mkdir ./build && cd ./src && /usr/bin/make
307 error You can get information on how to open an issue for this project with:
307 error     npm bugs rpi-433
307 error Or if that isn't available, you can get their info via:
307 error     npm owner ls rpi-433
307 error There is likely additional logging output above.
308 verbose exit [ 1, true ]
